<?xml version="1.0" encoding="UTF-8"?>
<testng-results ignored="0" total="1" passed="1" failed="0" skipped="0">
  <reporter-output>
  </reporter-output>
  <suite started-at="2022-07-31T21:34:41 IST" name="DemoAutomation" finished-at="2022-07-31T21:35:02 IST" duration-ms="21122">
    <groups>
    </groups>
    <test started-at="2022-07-31T21:34:41 IST" name="demoautomation Test" finished-at="2022-07-31T21:35:02 IST" duration-ms="21122">
      <class name="DemoAutomation.Test.Moviedetails">
        <test-method is-config="true" signature="setup()[pri:0, instance:DemoAutomation.Test.Moviedetails@3f6f6701]" started-at="2022-07-31T21:34:41 IST" name="setup" finished-at="2022-07-31T21:34:44 IST" duration-ms="3337" status="PASS">
          <reporter-output>
          </reporter-output>
        </test-method> <!-- setup -->
        <test-method signature="MovieDetailstest()[pri:-1, instance:DemoAutomation.Test.Moviedetails@3f6f6701]" started-at="2022-07-31T21:34:44 IST" name="MovieDetailstest" finished-at="2022-07-31T21:34:58 IST" duration-ms="13421" status="PASS">
          <reporter-output>
          </reporter-output>
        </test-method> <!-- MovieDetailstest -->
        <test-method is-config="true" signature="teardown()[pri:0, instance:DemoAutomation.Test.Moviedetails@3f6f6701]" started-at="2022-07-31T21:34:58 IST" name="teardown" finished-at="2022-07-31T21:35:02 IST" duration-ms="4299" status="PASS">
          <reporter-output>
          </reporter-output>
        </test-method> <!-- teardown -->
      </class> <!-- DemoAutomation.Test.Moviedetails -->
    </test> <!-- demoautomation Test -->
  </suite> <!-- DemoAutomation -->
</testng-results>
